  Entity.cpp
C:\Programs\Blobbin-a-bout\Blobbin-a-bout\source\Rendering\VAO.h(33,77): warning C4312: 'type cast': conversion from 'unsigned int' to 'void *' of greater size
  (compiling source file 'source/Entities/Entity.cpp')
  
C:\Programs\Blobbin-a-bout\Blobbin-a-bout\source\Entities\Entity.cpp(8,29): warning C4267: '=': conversion from 'size_t' to 'unsigned int', possible loss of data
  Player.cpp
C:\Programs\Blobbin-a-bout\Blobbin-a-bout\source\Rendering\VAO.h(33,77): warning C4312: 'type cast': conversion from 'unsigned int' to 'void *' of greater size
  (compiling source file 'source/Entities/Player.cpp')
  
C:\Programs\Blobbin-a-bout\Blobbin-a-bout\source\Entities\Player.cpp(48,73): warning C4244: 'argument': conversion from 'double' to 'float', possible loss of data
  Terrain.cpp
C:\Programs\Blobbin-a-bout\Blobbin-a-bout\source\Rendering\VAO.h(33,77): warning C4312: 'type cast': conversion from 'unsigned int' to 'void *' of greater size
  (compiling source file 'source/Entities/Terrain.cpp')
  
  EntryPoint.cpp
C:\Programs\Blobbin-a-bout\Blobbin-a-bout\source\Rendering\VAO.h(33,77): warning C4312: 'type cast': conversion from 'unsigned int' to 'void *' of greater size
  (compiling source file 'source/EntryPoint.cpp')
  
  Renderer.cpp
C:\Programs\Blobbin-a-bout\Blobbin-a-bout\source\Rendering\VAO.h(33,77): warning C4312: 'type cast': conversion from 'unsigned int' to 'void *' of greater size
  (compiling source file 'source/Rendering/Renderer.cpp')
  
  Texture2D.cpp
  Generating Code...
glew32s.lib(glew.obj) : warning LNK4099: PDB '' was not found with 'glew32s.lib(glew.obj)' or at ''; linking object as if no debug info
LINK : warning LNK4098: defaultlib 'MSVCRT' conflicts with use of other libs; use /NODEFAULTLIB:library
LINK : warning LNK4098: defaultlib 'LIBCMT' conflicts with use of other libs; use /NODEFAULTLIB:library
  Blobbin-a-bout.vcxproj -> C:\Programs\Blobbin-a-bout\Blobbin-a-bout\x64\Debug\Blobbin-a-bout.exe
